Define Class form1As Form
Error in line 21: Command contains unrecognized phrase/keyword.
Add Object olecontrol1As OleControl With Top = 0,  Left = 0,  Height = 468,  Width = 800,  Name = "Olecontrol1",  OleClass = "Shell.Explorer.2",  OleLCID = 1033
Error in line 40: Syntax error.
Add Object command1As CommandButton With Top = 521,  Left = 677,  Height = 25,  Width = 121,  Caption = "取得新闻标题和URL",  Name = "Command1"
Error in line 49: Syntax error.
Add Object grid1As Grid With DeleteMark = .F.,  Height = 129,  Left = 2,  ReadOnly = .T.,  Top = 470,  Visible = .F.,  Width = 673,  Name = "Grid1"
Error in line 60: Syntax error.
Procedure olecontrol1.Init
Error in line 73: Command contains unrecognized phrase/keyword.
This.Navigate("http://roll.news.qq.com/")
Error in line 74: Statement is not in a procedure.
Endproc
Error in line 75: Nesting error.
Procedure command1.Click
Error in line 78: Command contains unrecognized phrase/keyword.
lcMyCaption=This.Caption
Error in line 79: Statement is not in a procedure.
This.Caption='正在获取......'
Error in line 80: Statement is not in a procedure.
This.Enabled=.F.
Error in line 81: Statement is not in a procedure.
Create Cursor T1 (类别 C(6),新闻标题 C(254),新闻链接 C(254),时间 C(11))
Error in line 82: Statement is not in a procedure.
Thisform.Olecontrol1.Document.getElementById("auto_refresh").parentNode.className='check checked'
Error in line 83: Statement is not in a procedure.
Thisform.Olecontrol1.Document.parentWindow.Execscript('AutoRefresh()')
Error in line 84: Statement is not in a procedure.
lnTotalPages=Val(Thisform.Olecontrol1.Document.getElementById("totalPage").Value)
Error in line 85: Statement is not in a procedure.
If Messagebox('共有'+Transform(lnTotalPages)+'页新闻，点<是>取得所有页的新闻，点击<否>只取当第1页的新闻。',4+32+256,'信息提示')=7
Error in line 86: Statement is not in a procedure.
lnTotalPages=1
Error in line 87: Statement is not in a procedure.
Endif
Error in line 88: Statement is not in a procedure.
For m.lnJ=1 TolnTotalPages
Error in line 89: Syntax error.
If m.lnJ>1
Error in line 90: Statement is not in a procedure.
Thisform.Olecontrol1.Document.parentWindow.Execscript('nextPage()')
Error in line 91: Statement is not in a procedure.
Endif
Error in line 92: Statement is not in a procedure.
Do While .T.
Error in line 93: Statement is not in a procedure.
If Thisform.Olecontrol1.Document.getElementById("artContainer").innerhtml<>'<DIV class=loading>正在查询请稍候……</DIV>'
Error in line 94: Statement is not in a procedure.
Exit
Error in line 95: Statement is not in a procedure.
Endif
Error in line 96: Statement is not in a procedure.
Inkey(0.2,"H") 
Error in line 97: Statement is not in a procedure.
Enddo
Error in line 98: Statement is not in a procedure.
lcListStr=Thisform.Olecontrol1.Document.getElementById("artContainer").innerhtml
Error in line 99: Statement is not in a procedure.
lnLIs=Occurs('<LI>',lcListStr)
Error in line 100: Statement is not in a procedure.
For m.lnI=1TolnLIs
Error in line 101: Syntax error.
Insert Into  T1 Values(Strextract(lcListStr,'t-tit>','</SPAN><A',m.lnI),Strextract(lcListStr,'"undefined">','</A>',m.lnI), Strextract(lcListStr,'href="','" target',m.lnI),Strextract(lcListStr,'t-time>','</SPAN><SPAN',m.lnI))
Error in line 103: Statement is not in a procedure.
Endfor
Error in line 104: Statement is not in a procedure.
Endfor
Error in line 105: Statement is not in a procedure.
Locate
Error in line 106: Statement is not in a procedure.
Thisform.Grid1.RecordSource='T1'
Error in line 107: Statement is not in a procedure.
Thisform.Grid1.Visible=.T.
Error in line 108: Statement is not in a procedure.
Thisform.Grid1.AutoFit()
Error in line 109: Statement is not in a procedure.
Thisform.Grid1.Refresh
Error in line 110: Statement is not in a procedure.
This.Caption=lcMyCaption
Error in line 111: Statement is not in a procedure.
This.Enabled=.T.
Error in line 112: Statement is not in a procedure.
Messagebox('取得新闻信息完成！'+Chr(10)+Chr(10)+'共取得'+Transform(Reccount('T1'))+'条新闻',64,'信息提示')
Error in line 113: Statement is not in a procedure.
Endproc
Error in line 114: Nesting error.
Procedure Grid1.Scrolled
Error in line 117: Command contains unrecognized phrase/keyword.
Lparameters nDirection
Error in line 118: Statement is not in a procedure.
This.AutoFit()
Error in line 119: Statement is not in a procedure.
Endproc
Error in line 120: Nesting error.
Enddefine
Error in line 123: Statement is only valid within a class definition.
